0 verbose cli /Users/zhangxiaomei/.nvm/versions/node/v24.14.0/bin/node /Users/zhangxiaomei/.nvm/versions/node/v24.14.0/bin/npm
1 info using npm@11.9.0
2 info using node@v24.14.0
3 silly config load:file:/Users/zhangxiaomei/.nvm/versions/node/v24.14.0/lib/node_modules/npm/npmrc
4 silly config load:file:/Users/zhangxiaomei/zhangxiaomei_test/frontend/.npmrc
5 silly config load:file:/Users/zhangxiaomei/.npmrc
6 silly config load:file:/Users/zhangxiaomei/.nvm/versions/node/v24.14.0/etc/npmrc
7 verbose title npm install
8 verbose argv "install" "--no-audit" "--no-fund" "--legacy-peer-deps" "--cache" ".npm-cache"
9 verbose logfile logs-max:10 dir:/Users/zhangxiaomei/zhangxiaomei_test/frontend/.npm-cache/_logs/2026-03-15T06_28_49_759Z-
10 verbose logfile /Users/zhangxiaomei/zhangxiaomei_test/frontend/.npm-cache/_logs/2026-03-15T06_28_49_759Z-debug-0.log
11 silly logfile done cleaning log files
12 silly packumentCache heap:4496293888 maxSize:1124073472 maxEntrySize:562036736
13 silly idealTree buildDeps
14 silly fetch manifest react@^18.3.1
15 silly packumentCache full:https://registry.npmjs.org/react cache-miss
16 http fetch GET 200 https://registry.npmjs.org/react 1078ms (cache miss)
17 silly packumentCache full:https://registry.npmjs.org/react set size:undefined disposed:false
18 silly fetch manifest react-dom@^18.3.1
19 silly packumentCache full:https://registry.npmjs.org/react-dom cache-miss
20 http fetch GET 200 https://registry.npmjs.org/react-dom 478ms (cache miss)
21 silly packumentCache full:https://registry.npmjs.org/react-dom set size:undefined disposed:false
22 silly fetch manifest @types/react@^18.3.11
23 silly packumentCache full:https://registry.npmjs.org/@types%2freact cache-miss
24 http fetch GET 200 https://registry.npmjs.org/@types%2freact 375ms (cache miss)
25 silly packumentCache full:https://registry.npmjs.org/@types%2freact set size:undefined disposed:false
26 silly fetch manifest @types/react-dom@^18.3.0
27 silly packumentCache full:https://registry.npmjs.org/@types%2freact-dom cache-miss
28 http fetch GET 200 https://registry.npmjs.org/@types%2freact-dom 264ms (cache miss)
29 silly packumentCache full:https://registry.npmjs.org/@types%2freact-dom set size:undefined disposed:false
30 silly fetch manifest @vitejs/plugin-react@^4.3.3
31 silly packumentCache full:https://registry.npmjs.org/@vitejs%2fplugin-react cache-miss
32 http fetch GET 200 https://registry.npmjs.org/@vitejs%2fplugin-react 301ms (cache miss)
33 silly packumentCache full:https://registry.npmjs.org/@vitejs%2fplugin-react set size:undefined disposed:false
34 silly fetch manifest typescript@^5.6.3
35 silly packumentCache full:https://registry.npmjs.org/typescript cache-miss
36 http fetch GET 200 https://registry.npmjs.org/typescript 439ms (cache miss)
37 silly packumentCache full:https://registry.npmjs.org/typescript set size:undefined disposed:false
38 silly fetch manifest vite@^5.4.8
39 silly packumentCache full:https://registry.npmjs.org/vite cache-miss
40 http fetch GET 200 https://registry.npmjs.org/vite 943ms (cache miss)
41 silly packumentCache full:https://registry.npmjs.org/vite set size:undefined disposed:false
42 silly placeDep ROOT @types/react@18.3.28 OK for: parenting-frontend@0.1.0 want: ^18.3.11
43 silly placeDep ROOT @types/react-dom@18.3.7 OK for: parenting-frontend@0.1.0 want: ^18.3.0
44 silly placeDep ROOT @vitejs/plugin-react@4.7.0 OK for: parenting-frontend@0.1.0 want: ^4.3.3
45 silly placeDep ROOT react@18.3.1 OK for: parenting-frontend@0.1.0 want: ^18.3.1
46 silly placeDep ROOT react-dom@18.3.1 OK for: parenting-frontend@0.1.0 want: ^18.3.1
47 silly placeDep ROOT typescript@5.9.3 OK for: parenting-frontend@0.1.0 want: ^5.6.3
48 silly placeDep ROOT vite@5.4.21 OK for: parenting-frontend@0.1.0 want: ^5.4.8
49 silly fetch manifest csstype@^3.2.2
50 silly packumentCache full:https://registry.npmjs.org/csstype cache-miss
51 silly fetch manifest @types/prop-types@*
52 silly packumentCache full:https://registry.npmjs.org/@types%2fprop-types cache-miss
53 silly fetch manifest @babel/core@^7.28.0
54 silly packumentCache full:https://registry.npmjs.org/@babel%2fcore cache-miss
55 silly fetch manifest react-refresh@^0.17.0
56 silly packumentCache full:https://registry.npmjs.org/react-refresh cache-miss
57 silly fetch manifest @types/babel__core@^7.20.5
58 silly packumentCache full:https://registry.npmjs.org/@types%2fbabel__core cache-miss
59 silly fetch manifest @rolldown/pluginutils@1.0.0-beta.27
60 silly packumentCache full:https://registry.npmjs.org/@rolldown%2fpluginutils cache-miss
61 silly fetch manifest @babel/plugin-transform-react-jsx-self@^7.27.1
62 silly packumentCache full:https://registry.npmjs.org/@babel%2fplugin-transform-react-jsx-self cache-miss
63 silly fetch manifest @babel/plugin-transform-react-jsx-source@^7.27.1
64 silly packumentCache full:https://registry.npmjs.org/@babel%2fplugin-transform-react-jsx-source cache-miss
65 silly fetch manifest loose-envify@^1.1.0
66 silly packumentCache full:https://registry.npmjs.org/loose-envify cache-miss
67 silly fetch manifest scheduler@^0.23.2
68 silly packumentCache full:https://registry.npmjs.org/scheduler cache-miss
69 silly fetch manifest loose-envify@^1.1.0
70 silly packumentCache full:https://registry.npmjs.org/loose-envify cache-miss
71 http fetch GET 200 https://registry.npmjs.org/csstype 253ms (cache miss)
72 silly packumentCache full:https://registry.npmjs.org/csstype set size:undefined disposed:false
73 silly fetch manifest rollup@^4.20.0
74 silly packumentCache full:https://registry.npmjs.org/rollup cache-miss
75 http fetch GET 200 https://registry.npmjs.org/rollup 310ms (cache miss)
76 silly packumentCache full:https://registry.npmjs.org/rollup set size:undefined disposed:false
77 silly fetch manifest esbuild@^0.21.3
78 silly packumentCache full:https://registry.npmjs.org/esbuild cache-miss
79 http fetch GET 200 https://registry.npmjs.org/esbuild 260ms (cache miss)
80 silly packumentCache full:https://registry.npmjs.org/esbuild set size:undefined disposed:false
81 silly fetch manifest postcss@^8.4.43
82 silly packumentCache full:https://registry.npmjs.org/postcss cache-miss
83 http fetch GET 200 https://registry.npmjs.org/loose-envify 923ms (cache miss)
84 silly packumentCache full:https://registry.npmjs.org/loose-envify set size:undefined disposed:false
85 silly fetch manifest fsevents@~2.3.3
86 silly packumentCache full:https://registry.npmjs.org/fsevents cache-miss
87 http fetch GET 200 https://registry.npmjs.org/loose-envify 924ms (cache miss)
88 silly packumentCache full:https://registry.npmjs.org/loose-envify set size:undefined disposed:false
89 http fetch GET 200 https://registry.npmjs.org/@types%2fprop-types 934ms (cache miss)
90 silly packumentCache full:https://registry.npmjs.org/@types%2fprop-types set size:undefined disposed:false
91 http fetch GET 200 https://registry.npmjs.org/@types%2fbabel__core 939ms (cache miss)
92 silly packumentCache full:https://registry.npmjs.org/@types%2fbabel__core set size:undefined disposed:false
93 http fetch GET 200 https://registry.npmjs.org/@rolldown%2fpluginutils 941ms (cache miss)
94 silly packumentCache full:https://registry.npmjs.org/@rolldown%2fpluginutils set size:undefined disposed:false
95 http fetch GET 200 https://registry.npmjs.org/@babel%2fplugin-transform-react-jsx-source 947ms (cache miss)
96 silly packumentCache full:https://registry.npmjs.org/@babel%2fplugin-transform-react-jsx-source set size:undefined disposed:false
97 http fetch GET 200 https://registry.npmjs.org/@babel%2fplugin-transform-react-jsx-self 951ms (cache miss)
98 silly packumentCache full:https://registry.npmjs.org/@babel%2fplugin-transform-react-jsx-self set size:undefined disposed:false
99 http fetch GET 200 https://registry.npmjs.org/@babel%2fcore 972ms (cache miss)
100 silly packumentCache full:https://registry.npmjs.org/@babel%2fcore set size:undefined disposed:false
101 http fetch GET 200 https://registry.npmjs.org/react-refresh 1052ms (cache miss)
102 silly packumentCache full:https://registry.npmjs.org/react-refresh set size:undefined disposed:false
103 http fetch GET 200 https://registry.npmjs.org/postcss 245ms (cache miss)
104 silly packumentCache full:https://registry.npmjs.org/postcss set size:undefined disposed:false
105 http fetch GET 200 https://registry.npmjs.org/scheduler 1135ms (cache miss)
106 silly packumentCache full:https://registry.npmjs.org/scheduler set size:undefined disposed:false
107 http fetch GET 200 https://registry.npmjs.org/fsevents 267ms (cache miss)
108 silly packumentCache full:https://registry.npmjs.org/fsevents set size:undefined disposed:false
109 silly placeDep ROOT @types/prop-types@15.7.15 OK for: @types/react@18.3.28 want: *
110 silly placeDep ROOT csstype@3.2.3 OK for: @types/react@18.3.28 want: ^3.2.2
111 silly placeDep ROOT @babel/core@7.29.0 OK for: @vitejs/plugin-react@4.7.0 want: ^7.28.0
112 silly placeDep ROOT @babel/plugin-transform-react-jsx-self@7.27.1 OK for: @vitejs/plugin-react@4.7.0 want: ^7.27.1
113 silly placeDep ROOT @babel/plugin-transform-react-jsx-source@7.27.1 OK for: @vitejs/plugin-react@4.7.0 want: ^7.27.1
114 silly placeDep ROOT @rolldown/pluginutils@1.0.0-beta.27 OK for: @vitejs/plugin-react@4.7.0 want: 1.0.0-beta.27
115 silly placeDep ROOT @types/babel__core@7.20.5 OK for: @vitejs/plugin-react@4.7.0 want: ^7.20.5
116 silly placeDep ROOT react-refresh@0.17.0 OK for: @vitejs/plugin-react@4.7.0 want: ^0.17.0
117 silly fetch manifest debug@^4.1.0
118 silly packumentCache full:https://registry.npmjs.org/debug cache-miss
119 silly fetch manifest json5@^2.2.3
120 silly packumentCache full:https://registry.npmjs.org/json5 cache-miss
121 silly fetch manifest semver@^6.3.1
122 silly packumentCache full:https://registry.npmjs.org/semver cache-miss
123 silly fetch manifest gensync@^1.0.0-beta.2
124 silly packumentCache full:https://registry.npmjs.org/gensync cache-miss
125 silly fetch manifest @babel/types@^7.29.0
126 silly packumentCache full:https://registry.npmjs.org/@babel%2ftypes cache-miss
127 silly fetch manifest @babel/parser@^7.29.0
128 silly packumentCache full:https://registry.npmjs.org/@babel%2fparser cache-miss
129 silly fetch manifest @babel/helpers@^7.28.6
130 silly packumentCache full:https://registry.npmjs.org/@babel%2fhelpers cache-miss
131 silly fetch manifest @babel/template@^7.28.6
132 silly packumentCache full:https://registry.npmjs.org/@babel%2ftemplate cache-miss
133 silly fetch manifest @babel/traverse@^7.29.0
134 silly packumentCache full:https://registry.npmjs.org/@babel%2ftraverse cache-miss
135 silly fetch manifest @babel/generator@^7.29.0
136 silly packumentCache full:https://registry.npmjs.org/@babel%2fgenerator cache-miss
137 silly fetch manifest @babel/code-frame@^7.29.0
138 silly packumentCache full:https://registry.npmjs.org/@babel%2fcode-frame cache-miss
139 http fetch GET 200 https://registry.npmjs.org/json5 234ms (cache miss)
140 silly packumentCache full:https://registry.npmjs.org/json5 set size:undefined disposed:false
141 silly fetch manifest convert-source-map@^2.0.0
142 silly packumentCache full:https://registry.npmjs.org/convert-source-map cache-miss
143 http fetch GET 200 https://registry.npmjs.org/gensync 252ms (cache miss)
144 silly packumentCache full:https://registry.npmjs.org/gensync set size:undefined disposed:false
145 silly fetch manifest @jridgewell/remapping@^2.3.5
146 silly packumentCache full:https://registry.npmjs.org/@jridgewell%2fremapping cache-miss
147 http fetch GET 200 https://registry.npmjs.org/debug 263ms (cache miss)
148 silly packumentCache full:https://registry.npmjs.org/debug set size:undefined disposed:false
149 silly fetch manifest @babel/helper-module-transforms@^7.28.6
150 silly packumentCache full:https://registry.npmjs.org/@babel%2fhelper-module-transforms cache-miss
151 http fetch GET 200 https://registry.npmjs.org/@babel%2fcode-frame 275ms (cache miss)
152 silly packumentCache full:https://registry.npmjs.org/@babel%2fcode-frame set size:undefined disposed:false
153 silly fetch manifest @babel/helper-compilation-targets@^7.28.6
154 silly packumentCache full:https://registry.npmjs.org/@babel%2fhelper-compilation-targets cache-miss
155 http fetch GET 200 https://registry.npmjs.org/semver 288ms (cache miss)
156 silly packumentCache full:https://registry.npmjs.org/semver set size:undefined disposed:false
157 silly fetch manifest @babel/helper-plugin-utils@^7.27.1
158 silly packumentCache full:https://registry.npmjs.org/@babel%2fhelper-plugin-utils cache-miss
159 http fetch GET 200 https://registry.npmjs.org/@babel%2ftraverse 296ms (cache miss)
160 silly packumentCache full:https://registry.npmjs.org/@babel%2ftraverse set size:undefined disposed:false
161 silly fetch manifest @babel/helper-plugin-utils@^7.27.1
162 silly packumentCache full:https://registry.npmjs.org/@babel%2fhelper-plugin-utils cache-miss
163 http fetch GET 200 https://registry.npmjs.org/@babel%2ftemplate 302ms (cache miss)
164 silly packumentCache full:https://registry.npmjs.org/@babel%2ftemplate set size:undefined disposed:false
165 silly fetch manifest @babel/types@^7.20.7
166 silly packumentCache full:https://registry.npmjs.org/@babel%2ftypes cache-miss
167 http fetch GET 200 https://registry.npmjs.org/@babel%2fparser 311ms (cache miss)
168 silly packumentCache full:https://registry.npmjs.org/@babel%2fparser set size:undefined disposed:false
169 silly fetch manifest @babel/parser@^7.20.7
170 silly packumentCache full:https://registry.npmjs.org/@babel%2fparser cache-miss
171 http fetch GET 200 https://registry.npmjs.org/@babel%2fhelpers 323ms (cache miss)
172 silly packumentCache full:https://registry.npmjs.org/@babel%2fhelpers set size:undefined disposed:false
173 silly fetch manifest @types/babel__template@*
174 silly packumentCache full:https://registry.npmjs.org/@types%2fbabel__template cache-miss
175 http fetch GET 200 https://registry.npmjs.org/@babel%2fgenerator 328ms (cache miss)
176 silly packumentCache full:https://registry.npmjs.org/@babel%2fgenerator set size:undefined disposed:false
177 silly fetch manifest @types/babel__traverse@*
178 silly packumentCache full:https://registry.npmjs.org/@types%2fbabel__traverse cache-miss
179 http fetch GET 200 https://registry.npmjs.org/@babel%2ftypes 337ms (cache miss)
180 silly packumentCache full:https://registry.npmjs.org/@babel%2ftypes set size:undefined disposed:false
181 silly fetch manifest @types/babel__generator@*
182 silly packumentCache full:https://registry.npmjs.org/@types%2fbabel__generator cache-miss
183 http cache https://registry.npmjs.org/@babel%2fparser 31ms (cache hit)
184 silly packumentCache full:https://registry.npmjs.org/@babel%2fparser set size:714217 disposed:false
185 http fetch GET 200 https://registry.npmjs.org/convert-source-map 234ms (cache miss)
186 silly packumentCache full:https://registry.npmjs.org/convert-source-map set size:undefined disposed:false
187 http fetch GET 200 https://registry.npmjs.org/@jridgewell%2fremapping 236ms (cache miss)
188 silly packumentCache full:https://registry.npmjs.org/@jridgewell%2fremapping set size:undefined disposed:false
189 http fetch GET 200 https://registry.npmjs.org/@babel%2fhelper-module-transforms 245ms (cache miss)
190 silly packumentCache full:https://registry.npmjs.org/@babel%2fhelper-module-transforms set size:undefined disposed:false
191 http fetch GET 200 https://registry.npmjs.org/@babel%2fhelper-compilation-targets 241ms (cache miss)
192 silly packumentCache full:https://registry.npmjs.org/@babel%2fhelper-compilation-targets set size:undefined disposed:false
193 http fetch GET 200 https://registry.npmjs.org/@babel%2fhelper-plugin-utils 234ms (cache miss)
194 silly packumentCache full:https://registry.npmjs.org/@babel%2fhelper-plugin-utils set size:undefined disposed:false
195 http fetch GET 200 https://registry.npmjs.org/@babel%2fhelper-plugin-utils 230ms (cache miss)
196 silly packumentCache full:https://registry.npmjs.org/@babel%2fhelper-plugin-utils set size:undefined disposed:false
197 http fetch GET 200 https://registry.npmjs.org/@babel%2ftypes 261ms (cache miss)
198 silly packumentCache full:https://registry.npmjs.org/@babel%2ftypes set size:undefined disposed:false
199 http fetch GET 200 https://registry.npmjs.org/@types%2fbabel__template 242ms (cache miss)
200 silly packumentCache full:https://registry.npmjs.org/@types%2fbabel__template set size:undefined disposed:false
201 http fetch GET 200 https://registry.npmjs.org/@types%2fbabel__generator 236ms (cache miss)
202 silly packumentCache full:https://registry.npmjs.org/@types%2fbabel__generator set size:undefined disposed:false
203 http fetch GET 200 https://registry.npmjs.org/@types%2fbabel__traverse 245ms (cache miss)
204 silly packumentCache full:https://registry.npmjs.org/@types%2fbabel__traverse set size:undefined disposed:false
205 silly placeDep ROOT @babel/code-frame@7.29.0 OK for: @babel/core@7.29.0 want: ^7.29.0
206 silly placeDep ROOT @babel/generator@7.29.1 OK for: @babel/core@7.29.0 want: ^7.29.0
207 silly placeDep ROOT @babel/helper-compilation-targets@7.28.6 OK for: @babel/core@7.29.0 want: ^7.28.6
208 silly placeDep ROOT @babel/helper-module-transforms@7.28.6 OK for: @babel/core@7.29.0 want: ^7.28.6
209 silly placeDep ROOT @babel/helpers@7.28.6 OK for: @babel/core@7.29.0 want: ^7.28.6
210 silly placeDep ROOT @babel/parser@7.29.0 OK for: @babel/core@7.29.0 want: ^7.29.0
211 silly placeDep ROOT @babel/template@7.28.6 OK for: @babel/core@7.29.0 want: ^7.28.6
212 silly placeDep ROOT @babel/traverse@7.29.0 OK for: @babel/core@7.29.0 want: ^7.29.0
213 silly placeDep ROOT @babel/types@7.29.0 OK for: @babel/core@7.29.0 want: ^7.29.0
214 silly placeDep ROOT @jridgewell/remapping@2.3.5 OK for: @babel/core@7.29.0 want: ^2.3.5
215 silly placeDep ROOT convert-source-map@2.0.0 OK for: @babel/core@7.29.0 want: ^2.0.0
216 silly placeDep ROOT debug@4.4.3 OK for: @babel/core@7.29.0 want: ^4.1.0
217 silly placeDep ROOT gensync@1.0.0-beta.2 OK for: @babel/core@7.29.0 want: ^1.0.0-beta.2
218 silly placeDep ROOT json5@2.2.3 OK for: @babel/core@7.29.0 want: ^2.2.3
219 silly placeDep ROOT semver@6.3.1 OK for: @babel/core@7.29.0 want: ^6.3.1
220 silly fetch manifest js-tokens@^4.0.0
221 silly packumentCache full:https://registry.npmjs.org/js-tokens cache-miss
222 silly fetch manifest picocolors@^1.1.1
223 silly packumentCache full:https://registry.npmjs.org/picocolors cache-miss
224 silly fetch manifest @babel/helper-validator-identifier@^7.28.5
225 silly packumentCache full:https://registry.npmjs.org/@babel%2fhelper-validator-identifier cache-miss
226 silly fetch manifest jsesc@^3.0.2
227 silly packumentCache full:https://registry.npmjs.org/jsesc cache-miss
228 silly fetch manifest @jridgewell/gen-mapping@^0.3.12
229 silly packumentCache full:https://registry.npmjs.org/@jridgewell%2fgen-mapping cache-miss
230 silly fetch manifest @jridgewell/trace-mapping@^0.3.28
231 silly packumentCache full:https://registry.npmjs.org/@jridgewell%2ftrace-mapping cache-miss
232 silly fetch manifest lru-cache@^5.1.1
233 silly packumentCache full:https://registry.npmjs.org/lru-cache cache-miss
234 silly fetch manifest browserslist@^4.24.0
235 silly packumentCache full:https://registry.npmjs.org/browserslist cache-miss
236 silly fetch manifest @babel/compat-data@^7.28.6
237 silly packumentCache full:https://registry.npmjs.org/@babel%2fcompat-data cache-miss
238 silly fetch manifest @babel/helper-validator-option@^7.27.1
239 silly packumentCache full:https://registry.npmjs.org/@babel%2fhelper-validator-option cache-miss
240 silly fetch manifest @babel/traverse@^7.28.6
241 silly packumentCache full:https://registry.npmjs.org/@babel%2ftraverse cache-miss
242 http cache https://registry.npmjs.org/@babel%2ftraverse 12ms (cache hit)
243 silly packumentCache full:https://registry.npmjs.org/@babel%2ftraverse set size:546499 disposed:false
244 silly fetch manifest @babel/helper-module-imports@^7.28.6
245 silly packumentCache full:https://registry.npmjs.org/@babel%2fhelper-module-imports cache-miss
246 http fetch GET 200 https://registry.npmjs.org/jsesc 227ms (cache miss)
247 silly packumentCache full:https://registry.npmjs.org/jsesc set size:undefined disposed:false
248 silly fetch manifest @babel/helper-validator-identifier@^7.28.5
249 silly packumentCache full:https://registry.npmjs.org/@babel%2fhelper-validator-identifier cache-miss
250 http fetch GET 200 https://registry.npmjs.org/picocolors 230ms (cache miss)
251 silly packumentCache full:https://registry.npmjs.org/picocolors set size:undefined disposed:false
252 silly fetch manifest @babel/types@^7.28.6
253 silly packumentCache full:https://registry.npmjs.org/@babel%2ftypes cache-miss
254 http cache https://registry.npmjs.org/@babel%2ftypes 20ms (cache hit)
255 silly packumentCache full:https://registry.npmjs.org/@babel%2ftypes set size:485839 disposed:false
256 silly fetch manifest debug@^4.3.1
257 silly packumentCache full:https://registry.npmjs.org/debug cache-miss
258 http fetch GET 200 https://registry.npmjs.org/js-tokens 264ms (cache miss)
259 silly packumentCache full:https://registry.npmjs.org/js-tokens set size:undefined disposed:false
260 silly fetch manifest @babel/helper-globals@^7.28.0
261 silly packumentCache full:https://registry.npmjs.org/@babel%2fhelper-globals cache-miss
262 http cache https://registry.npmjs.org/debug 21ms (cache hit)
263 silly packumentCache full:https://registry.npmjs.org/debug set size:195840 disposed:false
264 silly fetch manifest @babel/helper-string-parser@^7.27.1
265 silly packumentCache full:https://registry.npmjs.org/@babel%2fhelper-string-parser cache-miss
266 http fetch GET 200 https://registry.npmjs.org/@babel%2fhelper-validator-identifier 281ms (cache miss)
267 silly packumentCache full:https://registry.npmjs.org/@babel%2fhelper-validator-identifier set size:undefined disposed:false
268 silly fetch manifest @jridgewell/gen-mapping@^0.3.5
269 silly packumentCache full:https://registry.npmjs.org/@jridgewell%2fgen-mapping cache-miss
270 http fetch GET 200 https://registry.npmjs.org/@babel%2fhelper-validator-option 280ms (cache miss)
271 silly packumentCache full:https://registry.npmjs.org/@babel%2fhelper-validator-option set size:undefined disposed:false
272 silly fetch manifest @jridgewell/trace-mapping@^0.3.24
273 silly packumentCache full:https://registry.npmjs.org/@jridgewell%2ftrace-mapping cache-miss
274 http fetch GET 200 https://registry.npmjs.org/@jridgewell%2fgen-mapping 288ms (cache miss)
275 silly packumentCache full:https://registry.npmjs.org/@jridgewell%2fgen-mapping set size:undefined disposed:false
276 silly fetch manifest ms@^2.1.3
277 silly packumentCache full:https://registry.npmjs.org/ms cache-miss
278 http fetch GET 200 https://registry.npmjs.org/lru-cache 291ms (cache miss)
279 silly packumentCache full:https://registry.npmjs.org/lru-cache set size:undefined disposed:false
280 http fetch GET 200 https://registry.npmjs.org/@jridgewell%2ftrace-mapping 298ms (cache miss)
281 silly packumentCache full:https://registry.npmjs.org/@jridgewell%2ftrace-mapping set size:undefined disposed:false
282 http fetch GET 200 https://registry.npmjs.org/browserslist 299ms (cache miss)
283 silly packumentCache full:https://registry.npmjs.org/browserslist set size:undefined disposed:false
284 http fetch GET 200 https://registry.npmjs.org/@babel%2fcompat-data 305ms (cache miss)
285 silly packumentCache full:https://registry.npmjs.org/@babel%2fcompat-data set size:undefined disposed:false
286 http fetch GET 200 https://registry.npmjs.org/@babel%2fhelper-module-imports 289ms (cache miss)
287 silly packumentCache full:https://registry.npmjs.org/@babel%2fhelper-module-imports set size:undefined disposed:false
288 http fetch GET 200 https://registry.npmjs.org/@babel%2fhelper-globals 226ms (cache miss)
289 silly packumentCache full:https://registry.npmjs.org/@babel%2fhelper-globals set size:undefined disposed:false
290 http fetch GET 200 https://registry.npmjs.org/@babel%2fhelper-validator-identifier 269ms (cache miss)
291 silly packumentCache full:https://registry.npmjs.org/@babel%2fhelper-validator-identifier set size:undefined disposed:false
292 http fetch GET 200 https://registry.npmjs.org/@jridgewell%2fgen-mapping 240ms (cache miss)
293 silly packumentCache full:https://registry.npmjs.org/@jridgewell%2fgen-mapping set size:undefined disposed:false
294 http fetch GET 200 https://registry.npmjs.org/@babel%2fhelper-string-parser 246ms (cache miss)
295 silly packumentCache full:https://registry.npmjs.org/@babel%2fhelper-string-parser set size:undefined disposed:false
296 http fetch GET 200 https://registry.npmjs.org/ms 236ms (cache miss)
297 silly packumentCache full:https://registry.npmjs.org/ms set size:undefined disposed:false
298 http fetch GET 200 https://registry.npmjs.org/@jridgewell%2ftrace-mapping 244ms (cache miss)
299 silly packumentCache full:https://registry.npmjs.org/@jridgewell%2ftrace-mapping set size:undefined disposed:false
300 silly placeDep ROOT @babel/helper-validator-identifier@7.28.5 OK for: @babel/code-frame@7.29.0 want: ^7.28.5
301 silly placeDep ROOT js-tokens@4.0.0 OK for: @babel/code-frame@7.29.0 want: ^4.0.0
302 silly placeDep ROOT picocolors@1.1.1 OK for: @babel/code-frame@7.29.0 want: ^1.1.1
303 silly placeDep ROOT @jridgewell/gen-mapping@0.3.13 OK for: @babel/generator@7.29.1 want: ^0.3.12
304 silly placeDep ROOT @jridgewell/trace-mapping@0.3.31 OK for: @babel/generator@7.29.1 want: ^0.3.28
305 silly placeDep ROOT jsesc@3.1.0 OK for: @babel/generator@7.29.1 want: ^3.0.2
306 silly fetch manifest @jridgewell/sourcemap-codec@^1.5.0
307 silly packumentCache full:https://registry.npmjs.org/@jridgewell%2fsourcemap-codec cache-miss
308 silly fetch manifest @jridgewell/resolve-uri@^3.1.0
309 silly packumentCache full:https://registry.npmjs.org/@jridgewell%2fresolve-uri cache-miss
310 silly fetch manifest @jridgewell/sourcemap-codec@^1.4.14
311 silly packumentCache full:https://registry.npmjs.org/@jridgewell%2fsourcemap-codec cache-miss
312 http fetch GET 200 https://registry.npmjs.org/@jridgewell%2fsourcemap-codec 268ms (cache miss)
313 silly packumentCache full:https://registry.npmjs.org/@jridgewell%2fsourcemap-codec set size:undefined disposed:false
314 http fetch GET 200 https://registry.npmjs.org/@jridgewell%2fresolve-uri 269ms (cache miss)
315 silly packumentCache full:https://registry.npmjs.org/@jridgewell%2fresolve-uri set size:undefined disposed:false
316 http fetch GET 200 https://registry.npmjs.org/@jridgewell%2fsourcemap-codec 272ms (cache miss)
317 silly packumentCache full:https://registry.npmjs.org/@jridgewell%2fsourcemap-codec set size:undefined disposed:false
318 silly placeDep ROOT @babel/compat-data@7.29.0 OK for: @babel/helper-compilation-targets@7.28.6 want: ^7.28.6
319 silly placeDep ROOT @babel/helper-validator-option@7.27.1 OK for: @babel/helper-compilation-targets@7.28.6 want: ^7.27.1
320 silly placeDep ROOT browserslist@4.28.1 OK for: @babel/helper-compilation-targets@7.28.6 want: ^4.24.0
321 silly placeDep ROOT lru-cache@5.1.1 OK for: @babel/helper-compilation-targets@7.28.6 want: ^5.1.1
322 silly fetch manifest baseline-browser-mapping@^2.9.0
323 silly packumentCache full:https://registry.npmjs.org/baseline-browser-mapping cache-miss
324 silly fetch manifest caniuse-lite@^1.0.30001759
325 silly packumentCache full:https://registry.npmjs.org/caniuse-lite cache-miss
326 silly fetch manifest electron-to-chromium@^1.5.263
327 silly packumentCache full:https://registry.npmjs.org/electron-to-chromium cache-miss
328 silly fetch manifest node-releases@^2.0.27
329 silly packumentCache full:https://registry.npmjs.org/node-releases cache-miss
330 silly fetch manifest update-browserslist-db@^1.2.0
331 silly packumentCache full:https://registry.npmjs.org/update-browserslist-db cache-miss
332 silly fetch manifest yallist@^3.0.2
333 silly packumentCache full:https://registry.npmjs.org/yallist cache-miss
334 http fetch GET 200 https://registry.npmjs.org/yallist 296ms (cache miss)
335 silly packumentCache full:https://registry.npmjs.org/yallist set size:undefined disposed:false
336 http fetch GET 200 https://registry.npmjs.org/update-browserslist-db 300ms (cache miss)
337 silly packumentCache full:https://registry.npmjs.org/update-browserslist-db set size:undefined disposed:false
338 http fetch GET 200 https://registry.npmjs.org/node-releases 326ms (cache miss)
339 silly packumentCache full:https://registry.npmjs.org/node-releases set size:undefined disposed:false
340 http fetch GET 200 https://registry.npmjs.org/baseline-browser-mapping 335ms (cache miss)
341 silly packumentCache full:https://registry.npmjs.org/baseline-browser-mapping set size:undefined disposed:false
342 http fetch GET 200 https://registry.npmjs.org/caniuse-lite 389ms (cache miss)
343 silly packumentCache full:https://registry.npmjs.org/caniuse-lite set size:undefined disposed:false
344 http fetch GET 200 https://registry.npmjs.org/electron-to-chromium 429ms (cache miss)
345 silly packumentCache full:https://registry.npmjs.org/electron-to-chromium set size:undefined disposed:false
346 silly placeDep ROOT @babel/helper-module-imports@7.28.6 OK for: @babel/helper-module-transforms@7.28.6 want: ^7.28.6
347 silly placeDep ROOT @babel/helper-plugin-utils@7.28.6 OK for: @babel/plugin-transform-react-jsx-self@7.27.1 want: ^7.27.1
348 silly placeDep ROOT @babel/helper-globals@7.28.0 OK for: @babel/traverse@7.29.0 want: ^7.28.0
349 silly placeDep ROOT @babel/helper-string-parser@7.27.1 OK for: @babel/types@7.29.0 want: ^7.27.1
350 silly placeDep ROOT @jridgewell/sourcemap-codec@1.5.5 OK for: @jridgewell/gen-mapping@0.3.13 want: ^1.5.0
351 silly placeDep ROOT @jridgewell/resolve-uri@3.1.2 OK for: @jridgewell/trace-mapping@0.3.31 want: ^3.1.0
352 silly placeDep ROOT @types/babel__generator@7.27.0 OK for: @types/babel__core@7.20.5 want: *
353 silly placeDep ROOT @types/babel__template@7.4.4 OK for: @types/babel__core@7.20.5 want: *
354 silly placeDep ROOT @types/babel__traverse@7.28.0 OK for: @types/babel__core@7.20.5 want: *
355 silly placeDep ROOT baseline-browser-mapping@2.10.8 OK for: browserslist@4.28.1 want: ^2.9.0
356 silly placeDep ROOT caniuse-lite@1.0.30001779 OK for: browserslist@4.28.1 want: ^1.0.30001759
357 silly placeDep ROOT electron-to-chromium@1.5.313 OK for: browserslist@4.28.1 want: ^1.5.263
358 silly placeDep ROOT node-releases@2.0.36 OK for: browserslist@4.28.1 want: ^2.0.27
359 silly placeDep ROOT update-browserslist-db@1.2.3 OK for: browserslist@4.28.1 want: ^1.2.0
360 silly fetch manifest escalade@^3.2.0
361 silly packumentCache full:https://registry.npmjs.org/escalade cache-miss
362 http fetch GET 200 https://registry.npmjs.org/escalade 289ms (cache miss)
363 silly packumentCache full:https://registry.npmjs.org/escalade set size:undefined disposed:false
364 silly placeDep ROOT ms@2.1.3 OK for: debug@4.4.3 want: ^2.1.3
365 silly placeDep ROOT yallist@3.1.1 OK for: lru-cache@5.1.1 want: ^3.0.2
366 silly placeDep ROOT loose-envify@1.4.0 OK for: react@18.3.1 want: ^1.1.0
367 silly placeDep ROOT scheduler@0.23.2 OK for: react-dom@18.3.1 want: ^0.23.2
368 silly placeDep ROOT escalade@3.2.0 OK for: update-browserslist-db@1.2.3 want: ^3.2.0
369 silly placeDep ROOT esbuild@0.21.5 OK for: vite@5.4.21 want: ^0.21.3
370 silly placeDep ROOT fsevents@2.3.3 OK for: vite@5.4.21 want: ~2.3.3
371 silly placeDep ROOT postcss@8.5.8 OK for: vite@5.4.21 want: ^8.4.43
372 silly placeDep ROOT rollup@4.59.0 OK for: vite@5.4.21 want: ^4.20.0
373 silly fetch manifest @esbuild/aix-ppc64@0.21.5
374 silly packumentCache full:https://registry.npmjs.org/@esbuild%2faix-ppc64 cache-miss
375 silly fetch manifest @esbuild/linux-arm@0.21.5
376 silly packumentCache full:https://registry.npmjs.org/@esbuild%2flinux-arm cache-miss
377 silly fetch manifest @esbuild/linux-x64@0.21.5
378 silly packumentCache full:https://registry.npmjs.org/@esbuild%2flinux-x64 cache-miss
379 silly fetch manifest @esbuild/sunos-x64@0.21.5
380 silly packumentCache full:https://registry.npmjs.org/@esbuild%2fsunos-x64 cache-miss
381 silly fetch manifest @esbuild/win32-x64@0.21.5
382 silly packumentCache full:https://registry.npmjs.org/@esbuild%2fwin32-x64 cache-miss
383 silly fetch manifest @esbuild/darwin-x64@0.21.5
384 silly packumentCache full:https://registry.npmjs.org/@esbuild%2fdarwin-x64 cache-miss
385 silly fetch manifest @esbuild/linux-ia32@0.21.5
386 silly packumentCache full:https://registry.npmjs.org/@esbuild%2flinux-ia32 cache-miss
387 silly fetch manifest @esbuild/netbsd-x64@0.21.5
388 silly packumentCache full:https://registry.npmjs.org/@esbuild%2fnetbsd-x64 cache-miss
389 silly fetch manifest @esbuild/win32-ia32@0.21.5
390 silly packumentCache full:https://registry.npmjs.org/@esbuild%2fwin32-ia32 cache-miss
391 silly fetch manifest @esbuild/android-arm@0.21.5
392 silly packumentCache full:https://registry.npmjs.org/@esbuild%2fandroid-arm cache-miss
393 silly fetch manifest @esbuild/android-x64@0.21.5
394 silly packumentCache full:https://registry.npmjs.org/@esbuild%2fandroid-x64 cache-miss
395 http fetch GET 200 https://registry.npmjs.org/@esbuild%2faix-ppc64 345ms (cache miss)
396 silly packumentCache full:https://registry.npmjs.org/@esbuild%2faix-ppc64 set size:undefined disposed:false
397 silly fetch manifest @esbuild/freebsd-x64@0.21.5
398 silly packumentCache full:https://registry.npmjs.org/@esbuild%2ffreebsd-x64 cache-miss
399 http fetch GET 200 https://registry.npmjs.org/@esbuild%2fnetbsd-x64 347ms (cache miss)
400 silly packumentCache full:https://registry.npmjs.org/@esbuild%2fnetbsd-x64 set size:undefined disposed:false
401 silly fetch manifest @esbuild/linux-arm64@0.21.5
402 silly packumentCache full:https://registry.npmjs.org/@esbuild%2flinux-arm64 cache-miss
403 http fetch GET 200 https://registry.npmjs.org/@esbuild%2fdarwin-x64 351ms (cache miss)
404 silly packumentCache full:https://registry.npmjs.org/@esbuild%2fdarwin-x64 set size:undefined disposed:false
405 silly fetch manifest @esbuild/linux-ppc64@0.21.5
406 silly packumentCache full:https://registry.npmjs.org/@esbuild%2flinux-ppc64 cache-miss
407 http fetch GET 200 https://registry.npmjs.org/@esbuild%2flinux-arm 355ms (cache miss)
408 silly packumentCache full:https://registry.npmjs.org/@esbuild%2flinux-arm set size:undefined disposed:false
409 silly fetch manifest @esbuild/linux-s390x@0.21.5
410 silly packumentCache full:https://registry.npmjs.org/@esbuild%2flinux-s390x cache-miss
411 http fetch GET 200 https://registry.npmjs.org/@esbuild%2flinux-ia32 357ms (cache miss)
412 silly packumentCache full:https://registry.npmjs.org/@esbuild%2flinux-ia32 set size:undefined disposed:false
413 silly fetch manifest @esbuild/openbsd-x64@0.21.5
414 silly packumentCache full:https://registry.npmjs.org/@esbuild%2fopenbsd-x64 cache-miss
415 http fetch GET 200 https://registry.npmjs.org/@esbuild%2fwin32-ia32 361ms (cache miss)
416 silly packumentCache full:https://registry.npmjs.org/@esbuild%2fwin32-ia32 set size:undefined disposed:false
417 silly fetch manifest @esbuild/win32-arm64@0.21.5
418 silly packumentCache full:https://registry.npmjs.org/@esbuild%2fwin32-arm64 cache-miss
419 http fetch GET 200 https://registry.npmjs.org/@esbuild%2fwin32-x64 365ms (cache miss)
420 silly packumentCache full:https://registry.npmjs.org/@esbuild%2fwin32-x64 set size:undefined disposed:false
421 silly fetch manifest @esbuild/darwin-arm64@0.21.5
422 silly packumentCache full:https://registry.npmjs.org/@esbuild%2fdarwin-arm64 cache-miss
423 http fetch GET 200 https://registry.npmjs.org/@esbuild%2fsunos-x64 369ms (cache miss)
424 silly packumentCache full:https://registry.npmjs.org/@esbuild%2fsunos-x64 set size:undefined disposed:false
425 silly fetch manifest @esbuild/android-arm64@0.21.5
426 silly packumentCache full:https://registry.npmjs.org/@esbuild%2fandroid-arm64 cache-miss
427 http fetch GET 200 https://registry.npmjs.org/@esbuild%2flinux-x64 373ms (cache miss)
428 silly packumentCache full:https://registry.npmjs.org/@esbuild%2flinux-x64 set size:undefined disposed:false
429 silly fetch manifest @esbuild/freebsd-arm64@0.21.5
430 silly packumentCache full:https://registry.npmjs.org/@esbuild%2ffreebsd-arm64 cache-miss
431 http fetch GET 200 https://registry.npmjs.org/@esbuild%2fandroid-arm 433ms (cache miss)
432 silly packumentCache full:https://registry.npmjs.org/@esbuild%2fandroid-arm set size:undefined disposed:false
433 silly fetch manifest @esbuild/linux-loong64@0.21.5
434 silly packumentCache full:https://registry.npmjs.org/@esbuild%2flinux-loong64 cache-miss
435 http fetch GET 200 https://registry.npmjs.org/@esbuild%2fandroid-x64 438ms (cache miss)
436 silly packumentCache full:https://registry.npmjs.org/@esbuild%2fandroid-x64 set size:undefined disposed:false
437 silly fetch manifest @esbuild/linux-riscv64@0.21.5
438 silly packumentCache full:https://registry.npmjs.org/@esbuild%2flinux-riscv64 cache-miss
439 http fetch GET 200 https://registry.npmjs.org/@esbuild%2ffreebsd-x64 282ms (cache miss)
440 silly packumentCache full:https://registry.npmjs.org/@esbuild%2ffreebsd-x64 set size:undefined disposed:false
441 silly fetch manifest @esbuild/linux-mips64el@0.21.5
442 silly packumentCache full:https://registry.npmjs.org/@esbuild%2flinux-mips64el cache-miss
443 http fetch GET 200 https://registry.npmjs.org/@esbuild%2flinux-ppc64 283ms (cache miss)
444 silly packumentCache full:https://registry.npmjs.org/@esbuild%2flinux-ppc64 set size:undefined disposed:false
445 silly fetch manifest nanoid@^3.3.11
446 silly packumentCache full:https://registry.npmjs.org/nanoid cache-miss
447 http fetch GET 200 https://registry.npmjs.org/@esbuild%2flinux-s390x 283ms (cache miss)
448 silly packumentCache full:https://registry.npmjs.org/@esbuild%2flinux-s390x set size:undefined disposed:false
449 silly fetch manifest source-map-js@^1.2.1
450 silly packumentCache full:https://registry.npmjs.org/source-map-js cache-miss
451 http fetch GET 200 https://registry.npmjs.org/@esbuild%2fwin32-arm64 280ms (cache miss)
452 silly packumentCache full:https://registry.npmjs.org/@esbuild%2fwin32-arm64 set size:undefined disposed:false
453 silly fetch manifest @types/estree@1.0.8
454 silly packumentCache full:https://registry.npmjs.org/@types%2festree cache-miss
455 http fetch GET 200 https://registry.npmjs.org/@esbuild%2flinux-arm64 298ms (cache miss)
456 silly packumentCache full:https://registry.npmjs.org/@esbuild%2flinux-arm64 set size:undefined disposed:false
457 silly fetch manifest @rollup/rollup-darwin-arm64@4.59.0
458 silly packumentCache full:https://registry.npmjs.org/@rollup%2frollup-darwin-arm64 cache-miss
459 http fetch GET 200 https://registry.npmjs.org/@esbuild%2fdarwin-arm64 286ms (cache miss)
460 silly packumentCache full:https://registry.npmjs.org/@esbuild%2fdarwin-arm64 set size:undefined disposed:false
461 silly fetch manifest @rollup/rollup-android-arm64@4.59.0
462 silly packumentCache full:https://registry.npmjs.org/@rollup%2frollup-android-arm64 cache-miss
463 http fetch GET 200 https://registry.npmjs.org/@esbuild%2fandroid-arm64 285ms (cache miss)
464 silly packumentCache full:https://registry.npmjs.org/@esbuild%2fandroid-arm64 set size:undefined disposed:false
465 silly fetch manifest @rollup/rollup-win32-arm64-msvc@4.59.0
466 silly packumentCache full:https://registry.npmjs.org/@rollup%2frollup-win32-arm64-msvc cache-miss
467 http fetch GET 200 https://registry.npmjs.org/@esbuild%2fopenbsd-x64 299ms (cache miss)
468 silly packumentCache full:https://registry.npmjs.org/@esbuild%2fopenbsd-x64 set size:undefined disposed:false
469 silly fetch manifest @rollup/rollup-freebsd-arm64@4.59.0
470 silly packumentCache full:https://registry.npmjs.org/@rollup%2frollup-freebsd-arm64 cache-miss
471 http fetch GET 200 https://registry.npmjs.org/@esbuild%2ffreebsd-arm64 289ms (cache miss)
472 silly packumentCache full:https://registry.npmjs.org/@esbuild%2ffreebsd-arm64 set size:undefined disposed:false
473 silly fetch manifest @rollup/rollup-linux-arm64-gnu@4.59.0
474 silly packumentCache full:https://registry.npmjs.org/@rollup%2frollup-linux-arm64-gnu cache-miss
475 http fetch GET 200 https://registry.npmjs.org/@esbuild%2flinux-loong64 240ms (cache miss)
476 silly packumentCache full:https://registry.npmjs.org/@esbuild%2flinux-loong64 set size:undefined disposed:false
477 silly fetch manifest @rollup/rollup-linux-arm64-musl@4.59.0
478 silly packumentCache full:https://registry.npmjs.org/@rollup%2frollup-linux-arm64-musl cache-miss
479 http fetch GET 200 https://registry.npmjs.org/@esbuild%2flinux-riscv64 248ms (cache miss)
480 silly packumentCache full:https://registry.npmjs.org/@esbuild%2flinux-riscv64 set size:undefined disposed:false
481 silly fetch manifest @rollup/rollup-android-arm-eabi@4.59.0
482 silly packumentCache full:https://registry.npmjs.org/@rollup%2frollup-android-arm-eabi cache-miss
483 http fetch GET 200 https://registry.npmjs.org/nanoid 228ms (cache miss)
484 silly packumentCache full:https://registry.npmjs.org/nanoid set size:undefined disposed:false
485 silly fetch manifest @rollup/rollup-linux-arm-gnueabihf@4.59.0
486 silly packumentCache full:https://registry.npmjs.org/@rollup%2frollup-linux-arm-gnueabihf cache-miss
487 http fetch GET 200 https://registry.npmjs.org/@types%2festree 234ms (cache miss)
488 silly packumentCache full:https://registry.npmjs.org/@types%2festree set size:undefined disposed:false
489 silly fetch manifest @rollup/rollup-linux-arm-musleabihf@4.59.0
490 silly packumentCache full:https://registry.npmjs.org/@rollup%2frollup-linux-arm-musleabihf cache-miss
491 http fetch GET 200 https://registry.npmjs.org/@esbuild%2flinux-mips64el 254ms (cache miss)
492 silly packumentCache full:https://registry.npmjs.org/@esbuild%2flinux-mips64el set size:undefined disposed:false
493 silly fetch manifest @rollup/rollup-win32-ia32-msvc@4.59.0
494 silly packumentCache full:https://registry.npmjs.org/@rollup%2frollup-win32-ia32-msvc cache-miss
495 http fetch GET 200 https://registry.npmjs.org/source-map-js 255ms (cache miss)
496 silly packumentCache full:https://registry.npmjs.org/source-map-js set size:undefined disposed:false
497 silly fetch manifest @rollup/rollup-linux-loong64-gnu@4.59.0
498 silly packumentCache full:https://registry.npmjs.org/@rollup%2frollup-linux-loong64-gnu cache-miss
499 http fetch GET 200 https://registry.npmjs.org/@rollup%2frollup-darwin-arm64 254ms (cache miss)
500 silly packumentCache full:https://registry.npmjs.org/@rollup%2frollup-darwin-arm64 set size:undefined disposed:false
501 silly fetch manifest @rollup/rollup-linux-loong64-musl@4.59.0
502 silly packumentCache full:https://registry.npmjs.org/@rollup%2frollup-linux-loong64-musl cache-miss
503 http fetch GET 200 https://registry.npmjs.org/@rollup%2frollup-freebsd-arm64 252ms (cache miss)
504 silly packumentCache full:https://registry.npmjs.org/@rollup%2frollup-freebsd-arm64 set size:undefined disposed:false
505 silly fetch manifest @rollup/rollup-linux-riscv64-gnu@4.59.0
506 silly packumentCache full:https://registry.npmjs.org/@rollup%2frollup-linux-riscv64-gnu cache-miss
507 http fetch GET 200 https://registry.npmjs.org/@rollup%2frollup-win32-arm64-msvc 260ms (cache miss)
508 silly packumentCache full:https://registry.npmjs.org/@rollup%2frollup-win32-arm64-msvc set size:undefined disposed:false
509 silly fetch manifest @rollup/rollup-linux-riscv64-musl@4.59.0
510 silly packumentCache full:https://registry.npmjs.org/@rollup%2frollup-linux-riscv64-musl cache-miss
511 http fetch GET 200 https://registry.npmjs.org/@rollup%2frollup-android-arm64 271ms (cache miss)
512 silly packumentCache full:https://registry.npmjs.org/@rollup%2frollup-android-arm64 set size:undefined disposed:false
513 silly fetch manifest @rollup/rollup-linux-ppc64-gnu@4.59.0
514 silly packumentCache full:https://registry.npmjs.org/@rollup%2frollup-linux-ppc64-gnu cache-miss
515 http fetch GET 200 https://registry.npmjs.org/@rollup%2frollup-linux-arm64-gnu 279ms (cache miss)
516 silly packumentCache full:https://registry.npmjs.org/@rollup%2frollup-linux-arm64-gnu set size:undefined disposed:false
517 silly fetch manifest @rollup/rollup-linux-ppc64-musl@4.59.0
518 silly packumentCache full:https://registry.npmjs.org/@rollup%2frollup-linux-ppc64-musl cache-miss
519 http fetch GET 200 https://registry.npmjs.org/@rollup%2frollup-linux-arm64-musl 271ms (cache miss)
520 silly packumentCache full:https://registry.npmjs.org/@rollup%2frollup-linux-arm64-musl set size:undefined disposed:false
521 silly fetch manifest @rollup/rollup-linux-s390x-gnu@4.59.0
522 silly packumentCache full:https://registry.npmjs.org/@rollup%2frollup-linux-s390x-gnu cache-miss
523 http fetch GET 200 https://registry.npmjs.org/@rollup%2frollup-android-arm-eabi 261ms (cache miss)
524 silly packumentCache full:https://registry.npmjs.org/@rollup%2frollup-android-arm-eabi set size:undefined disposed:false
525 silly fetch manifest @rollup/rollup-darwin-x64@4.59.0
526 silly packumentCache full:https://registry.npmjs.org/@rollup%2frollup-darwin-x64 cache-miss
527 http fetch GET 200 https://registry.npmjs.org/@rollup%2frollup-linux-arm-gnueabihf 247ms (cache miss)
528 silly packumentCache full:https://registry.npmjs.org/@rollup%2frollup-linux-arm-gnueabihf set size:undefined disposed:false
529 silly fetch manifest @rollup/rollup-win32-x64-gnu@4.59.0
530 silly packumentCache full:https://registry.npmjs.org/@rollup%2frollup-win32-x64-gnu cache-miss
531 http fetch GET 200 https://registry.npmjs.org/@rollup%2frollup-linux-arm-musleabihf 247ms (cache miss)
532 silly packumentCache full:https://registry.npmjs.org/@rollup%2frollup-linux-arm-musleabihf set size:undefined disposed:false
533 silly fetch manifest @rollup/rollup-win32-x64-msvc@4.59.0
534 silly packumentCache full:https://registry.npmjs.org/@rollup%2frollup-win32-x64-msvc cache-miss
535 http fetch GET 200 https://registry.npmjs.org/@rollup%2frollup-win32-ia32-msvc 244ms (cache miss)
536 silly packumentCache full:https://registry.npmjs.org/@rollup%2frollup-win32-ia32-msvc set size:undefined disposed:false
537 silly fetch manifest @rollup/rollup-freebsd-x64@4.59.0
538 silly packumentCache full:https://registry.npmjs.org/@rollup%2frollup-freebsd-x64 cache-miss
539 http fetch GET 200 https://registry.npmjs.org/@rollup%2frollup-linux-loong64-gnu 241ms (cache miss)
540 silly packumentCache full:https://registry.npmjs.org/@rollup%2frollup-linux-loong64-gnu set size:undefined disposed:false
541 silly fetch manifest @rollup/rollup-linux-x64-gnu@4.59.0
542 silly packumentCache full:https://registry.npmjs.org/@rollup%2frollup-linux-x64-gnu cache-miss
543 http fetch GET 200 https://registry.npmjs.org/@rollup%2frollup-linux-loong64-musl 235ms (cache miss)
544 silly packumentCache full:https://registry.npmjs.org/@rollup%2frollup-linux-loong64-musl set size:undefined disposed:false
545 silly fetch manifest @rollup/rollup-linux-x64-musl@4.59.0
546 silly packumentCache full:https://registry.npmjs.org/@rollup%2frollup-linux-x64-musl cache-miss
547 http fetch GET 200 https://registry.npmjs.org/@rollup%2frollup-linux-riscv64-musl 237ms (cache miss)
548 silly packumentCache full:https://registry.npmjs.org/@rollup%2frollup-linux-riscv64-musl set size:undefined disposed:false
549 silly fetch manifest @rollup/rollup-openbsd-x64@4.59.0
550 silly packumentCache full:https://registry.npmjs.org/@rollup%2frollup-openbsd-x64 cache-miss
551 http fetch GET 200 https://registry.npmjs.org/@rollup%2frollup-linux-riscv64-gnu 247ms (cache miss)
552 silly packumentCache full:https://registry.npmjs.org/@rollup%2frollup-linux-riscv64-gnu set size:undefined disposed:false
553 silly fetch manifest @rollup/rollup-openharmony-arm64@4.59.0
554 silly packumentCache full:https://registry.npmjs.org/@rollup%2frollup-openharmony-arm64 cache-miss
555 http fetch GET 200 https://registry.npmjs.org/@rollup%2frollup-linux-ppc64-gnu 248ms (cache miss)
556 silly packumentCache full:https://registry.npmjs.org/@rollup%2frollup-linux-ppc64-gnu set size:undefined disposed:false
557 http fetch GET 200 https://registry.npmjs.org/@rollup%2frollup-linux-s390x-gnu 232ms (cache miss)
558 silly packumentCache full:https://registry.npmjs.org/@rollup%2frollup-linux-s390x-gnu set size:undefined disposed:false
559 http fetch GET 200 https://registry.npmjs.org/@rollup%2frollup-linux-ppc64-musl 245ms (cache miss)
560 silly packumentCache full:https://registry.npmjs.org/@rollup%2frollup-linux-ppc64-musl set size:undefined disposed:false
561 http fetch GET 200 https://registry.npmjs.org/@rollup%2frollup-darwin-x64 241ms (cache miss)
562 silly packumentCache full:https://registry.npmjs.org/@rollup%2frollup-darwin-x64 set size:undefined disposed:false
563 http fetch GET 200 https://registry.npmjs.org/@rollup%2frollup-openbsd-x64 260ms (cache miss)
564 silly packumentCache full:https://registry.npmjs.org/@rollup%2frollup-openbsd-x64 set size:undefined disposed:false
565 http fetch GET 200 https://registry.npmjs.org/@rollup%2frollup-win32-x64-gnu 302ms (cache miss)
566 silly packumentCache full:https://registry.npmjs.org/@rollup%2frollup-win32-x64-gnu set size:undefined disposed:false
567 http fetch GET 200 https://registry.npmjs.org/@rollup%2frollup-openharmony-arm64 261ms (cache miss)
568 silly packumentCache full:https://registry.npmjs.org/@rollup%2frollup-openharmony-arm64 set size:undefined disposed:false
569 http fetch GET 200 https://registry.npmjs.org/@rollup%2frollup-freebsd-x64 294ms (cache miss)
570 silly packumentCache full:https://registry.npmjs.org/@rollup%2frollup-freebsd-x64 set size:undefined disposed:false
571 http fetch GET 200 https://registry.npmjs.org/@rollup%2frollup-linux-x64-gnu 294ms (cache miss)
572 silly packumentCache full:https://registry.npmjs.org/@rollup%2frollup-linux-x64-gnu set size:undefined disposed:false
573 http fetch GET 200 https://registry.npmjs.org/@rollup%2frollup-linux-x64-musl 292ms (cache miss)
574 silly packumentCache full:https://registry.npmjs.org/@rollup%2frollup-linux-x64-musl set size:undefined disposed:false
575 http fetch GET 200 https://registry.npmjs.org/@rollup%2frollup-win32-x64-msvc 308ms (cache miss)
576 silly packumentCache full:https://registry.npmjs.org/@rollup%2frollup-win32-x64-msvc set size:undefined disposed:false
577 silly placeDep ROOT @esbuild/aix-ppc64@0.21.5 OK for: esbuild@0.21.5 want: 0.21.5
578 silly placeDep ROOT @esbuild/android-arm@0.21.5 OK for: esbuild@0.21.5 want: 0.21.5
579 silly placeDep ROOT @esbuild/android-arm64@0.21.5 OK for: esbuild@0.21.5 want: 0.21.5
580 silly placeDep ROOT @esbuild/android-x64@0.21.5 OK for: esbuild@0.21.5 want: 0.21.5
581 silly placeDep ROOT @esbuild/darwin-arm64@0.21.5 OK for: esbuild@0.21.5 want: 0.21.5
582 silly placeDep ROOT @esbuild/darwin-x64@0.21.5 OK for: esbuild@0.21.5 want: 0.21.5
583 silly placeDep ROOT @esbuild/freebsd-arm64@0.21.5 OK for: esbuild@0.21.5 want: 0.21.5
584 silly placeDep ROOT @esbuild/freebsd-x64@0.21.5 OK for: esbuild@0.21.5 want: 0.21.5
585 silly placeDep ROOT @esbuild/linux-arm@0.21.5 OK for: esbuild@0.21.5 want: 0.21.5
586 silly placeDep ROOT @esbuild/linux-arm64@0.21.5 OK for: esbuild@0.21.5 want: 0.21.5
587 silly placeDep ROOT @esbuild/linux-ia32@0.21.5 OK for: esbuild@0.21.5 want: 0.21.5
588 silly placeDep ROOT @esbuild/linux-loong64@0.21.5 OK for: esbuild@0.21.5 want: 0.21.5
589 silly placeDep ROOT @esbuild/linux-mips64el@0.21.5 OK for: esbuild@0.21.5 want: 0.21.5
590 silly placeDep ROOT @esbuild/linux-ppc64@0.21.5 OK for: esbuild@0.21.5 want: 0.21.5
591 silly placeDep ROOT @esbuild/linux-riscv64@0.21.5 OK for: esbuild@0.21.5 want: 0.21.5
592 silly placeDep ROOT @esbuild/linux-s390x@0.21.5 OK for: esbuild@0.21.5 want: 0.21.5
593 silly placeDep ROOT @esbuild/linux-x64@0.21.5 OK for: esbuild@0.21.5 want: 0.21.5
594 silly placeDep ROOT @esbuild/netbsd-x64@0.21.5 OK for: esbuild@0.21.5 want: 0.21.5
595 silly placeDep ROOT @esbuild/openbsd-x64@0.21.5 OK for: esbuild@0.21.5 want: 0.21.5
596 silly placeDep ROOT @esbuild/sunos-x64@0.21.5 OK for: esbuild@0.21.5 want: 0.21.5
597 silly placeDep ROOT @esbuild/win32-arm64@0.21.5 OK for: esbuild@0.21.5 want: 0.21.5
598 silly placeDep ROOT @esbuild/win32-ia32@0.21.5 OK for: esbuild@0.21.5 want: 0.21.5
599 silly placeDep ROOT @esbuild/win32-x64@0.21.5 OK for: esbuild@0.21.5 want: 0.21.5
600 silly placeDep ROOT nanoid@3.3.11 OK for: postcss@8.5.8 want: ^3.3.11
601 silly placeDep ROOT source-map-js@1.2.1 OK for: postcss@8.5.8 want: ^1.2.1
602 silly placeDep ROOT @rollup/rollup-android-arm-eabi@4.59.0 OK for: rollup@4.59.0 want: 4.59.0
603 silly placeDep ROOT @rollup/rollup-android-arm64@4.59.0 OK for: rollup@4.59.0 want: 4.59.0
604 silly placeDep ROOT @rollup/rollup-darwin-arm64@4.59.0 OK for: rollup@4.59.0 want: 4.59.0
605 silly placeDep ROOT @rollup/rollup-darwin-x64@4.59.0 OK for: rollup@4.59.0 want: 4.59.0
606 silly placeDep ROOT @rollup/rollup-freebsd-arm64@4.59.0 OK for: rollup@4.59.0 want: 4.59.0
607 silly placeDep ROOT @rollup/rollup-freebsd-x64@4.59.0 OK for: rollup@4.59.0 want: 4.59.0
608 silly placeDep ROOT @rollup/rollup-linux-arm-gnueabihf@4.59.0 OK for: rollup@4.59.0 want: 4.59.0
609 silly placeDep ROOT @rollup/rollup-linux-arm-musleabihf@4.59.0 OK for: rollup@4.59.0 want: 4.59.0
610 silly placeDep ROOT @rollup/rollup-linux-arm64-gnu@4.59.0 OK for: rollup@4.59.0 want: 4.59.0
611 silly placeDep ROOT @rollup/rollup-linux-arm64-musl@4.59.0 OK for: rollup@4.59.0 want: 4.59.0
612 silly placeDep ROOT @rollup/rollup-linux-loong64-gnu@4.59.0 OK for: rollup@4.59.0 want: 4.59.0
613 silly placeDep ROOT @rollup/rollup-linux-loong64-musl@4.59.0 OK for: rollup@4.59.0 want: 4.59.0
614 silly placeDep ROOT @rollup/rollup-linux-ppc64-gnu@4.59.0 OK for: rollup@4.59.0 want: 4.59.0
615 silly placeDep ROOT @rollup/rollup-linux-ppc64-musl@4.59.0 OK for: rollup@4.59.0 want: 4.59.0
616 silly placeDep ROOT @rollup/rollup-linux-riscv64-gnu@4.59.0 OK for: rollup@4.59.0 want: 4.59.0
617 silly placeDep ROOT @rollup/rollup-linux-riscv64-musl@4.59.0 OK for: rollup@4.59.0 want: 4.59.0
618 silly placeDep ROOT @rollup/rollup-linux-s390x-gnu@4.59.0 OK for: rollup@4.59.0 want: 4.59.0
619 silly placeDep ROOT @rollup/rollup-linux-x64-gnu@4.59.0 OK for: rollup@4.59.0 want: 4.59.0
620 silly placeDep ROOT @rollup/rollup-linux-x64-musl@4.59.0 OK for: rollup@4.59.0 want: 4.59.0
621 silly placeDep ROOT @rollup/rollup-openbsd-x64@4.59.0 OK for: rollup@4.59.0 want: 4.59.0
622 silly placeDep ROOT @rollup/rollup-openharmony-arm64@4.59.0 OK for: rollup@4.59.0 want: 4.59.0
623 silly placeDep ROOT @rollup/rollup-win32-arm64-msvc@4.59.0 OK for: rollup@4.59.0 want: 4.59.0
624 silly placeDep ROOT @rollup/rollup-win32-ia32-msvc@4.59.0 OK for: rollup@4.59.0 want: 4.59.0
625 silly placeDep ROOT @rollup/rollup-win32-x64-gnu@4.59.0 OK for: rollup@4.59.0 want: 4.59.0
626 silly placeDep ROOT @rollup/rollup-win32-x64-msvc@4.59.0 OK for: rollup@4.59.0 want: 4.59.0
627 silly placeDep ROOT @types/estree@1.0.8 OK for: rollup@4.59.0 want: 1.0.8
628 silly reify moves {}
629 http cache source-map-js@https://registry.npmjs.org/source-map-js/-/source-map-js-1.2.1.tgz 0ms (cache hit)
630 http cache @types/estree@https://registry.npmjs.org/@types/estree/-/estree-1.0.8.tgz 0ms (cache hit)
631 http cache @rollup/rollup-darwin-x64@https://registry.npmjs.org/@rollup/rollup-darwin-x64/-/rollup-darwin-x64-4.59.0.tgz 0ms (cache hit)
632 http cache @esbuild/darwin-x64@https://registry.npmjs.org/@esbuild/darwin-x64/-/darwin-x64-0.21.5.tgz 0ms (cache hit)
633 http cache rollup@https://registry.npmjs.org/rollup/-/rollup-4.59.0.tgz 0ms (cache hit)
634 http cache nanoid@https://registry.npmjs.org/nanoid/-/nanoid-3.3.11.tgz 0ms (cache hit)
635 http cache esbuild@https://registry.npmjs.org/esbuild/-/esbuild-0.21.5.tgz 0ms (cache hit)
636 http cache fsevents@https://registry.npmjs.org/fsevents/-/fsevents-2.3.3.tgz 0ms (cache hit)
637 http cache postcss@https://registry.npmjs.org/postcss/-/postcss-8.5.8.tgz 0ms (cache hit)
638 http cache scheduler@https://registry.npmjs.org/scheduler/-/scheduler-0.23.2.tgz 0ms (cache hit)
639 http cache loose-envify@https://registry.npmjs.org/loose-envify/-/loose-envify-1.4.0.tgz 0ms (cache hit)
640 http cache yallist@https://registry.npmjs.org/yallist/-/yallist-3.1.1.tgz 0ms (cache hit)
641 http cache ms@https://registry.npmjs.org/ms/-/ms-2.1.3.tgz 0ms (cache hit)
642 http cache escalade@https://registry.npmjs.org/escalade/-/escalade-3.2.0.tgz 0ms (cache hit)
643 http cache update-browserslist-db@https://registry.npmjs.org/update-browserslist-db/-/update-browserslist-db-1.2.3.tgz 0ms (cache hit)
644 http cache node-releases@https://registry.npmjs.org/node-releases/-/node-releases-2.0.36.tgz 0ms (cache hit)
645 http cache electron-to-chromium@https://registry.npmjs.org/electron-to-chromium/-/electron-to-chromium-1.5.313.tgz 0ms (cache hit)
646 http cache caniuse-lite@https://registry.npmjs.org/caniuse-lite/-/caniuse-lite-1.0.30001779.tgz 0ms (cache hit)
647 http cache baseline-browser-mapping@https://registry.npmjs.org/baseline-browser-mapping/-/baseline-browser-mapping-2.10.8.tgz 0ms (cache hit)
648 http cache @types/babel__template@https://registry.npmjs.org/@types/babel__template/-/babel__template-7.4.4.tgz 0ms (cache hit)
649 http cache @types/babel__traverse@https://registry.npmjs.org/@types/babel__traverse/-/babel__traverse-7.28.0.tgz 0ms (cache hit)
650 http cache @types/babel__generator@https://registry.npmjs.org/@types/babel__generator/-/babel__generator-7.27.0.tgz 0ms (cache hit)
651 http cache @jridgewell/sourcemap-codec@https://registry.npmjs.org/@jridgewell/sourcemap-codec/-/sourcemap-codec-1.5.5.tgz 0ms (cache hit)
652 http cache @jridgewell/resolve-uri@https://registry.npmjs.org/@jridgewell/resolve-uri/-/resolve-uri-3.1.2.tgz 0ms (cache hit)
653 http cache @babel/helper-string-parser@https://registry.npmjs.org/@babel/helper-string-parser/-/helper-string-parser-7.27.1.tgz 0ms (cache hit)
654 http cache lru-cache@https://registry.npmjs.org/lru-cache/-/lru-cache-5.1.1.tgz 0ms (cache hit)
655 http cache @babel/helper-globals@https://registry.npmjs.org/@babel/helper-globals/-/helper-globals-7.28.0.tgz 0ms (cache hit)
656 http cache @babel/helper-plugin-utils@https://registry.npmjs.org/@babel/helper-plugin-utils/-/helper-plugin-utils-7.28.6.tgz 0ms (cache hit)
657 http cache @babel/helper-module-imports@https://registry.npmjs.org/@babel/helper-module-imports/-/helper-module-imports-7.28.6.tgz 0ms (cache hit)
658 http cache @babel/compat-data@https://registry.npmjs.org/@babel/compat-data/-/compat-data-7.29.0.tgz 0ms (cache hit)
659 http cache browserslist@https://registry.npmjs.org/browserslist/-/browserslist-4.28.1.tgz 0ms (cache hit)
660 http cache jsesc@https://registry.npmjs.org/jsesc/-/jsesc-3.1.0.tgz 0ms (cache hit)
661 http cache @babel/helper-validator-option@https://registry.npmjs.org/@babel/helper-validator-option/-/helper-validator-option-7.27.1.tgz 0ms (cache hit)
662 http cache @jridgewell/trace-mapping@https://registry.npmjs.org/@jridgewell/trace-mapping/-/trace-mapping-0.3.31.tgz 0ms (cache hit)
663 http cache picocolors@https://registry.npmjs.org/picocolors/-/picocolors-1.1.1.tgz 0ms (cache hit)
664 http cache @jridgewell/gen-mapping@https://registry.npmjs.org/@jridgewell/gen-mapping/-/gen-mapping-0.3.13.tgz 0ms (cache hit)
665 http cache js-tokens@https://registry.npmjs.org/js-tokens/-/js-tokens-4.0.0.tgz 0ms (cache hit)
666 http cache @babel/helper-validator-identifier@https://registry.npmjs.org/@babel/helper-validator-identifier/-/helper-validator-identifier-7.28.5.tgz 0ms (cache hit)
667 http cache semver@https://registry.npmjs.org/semver/-/semver-6.3.1.tgz 0ms (cache hit)
668 http cache json5@https://registry.npmjs.org/json5/-/json5-2.2.3.tgz 0ms (cache hit)
669 http cache gensync@https://registry.npmjs.org/gensync/-/gensync-1.0.0-beta.2.tgz 0ms (cache hit)
670 http cache debug@https://registry.npmjs.org/debug/-/debug-4.4.3.tgz 0ms (cache hit)
671 http cache convert-source-map@https://registry.npmjs.org/convert-source-map/-/convert-source-map-2.0.0.tgz 0ms (cache hit)
672 http cache @jridgewell/remapping@https://registry.npmjs.org/@jridgewell/remapping/-/remapping-2.3.5.tgz 0ms (cache hit)
673 http cache @babel/traverse@https://registry.npmjs.org/@babel/traverse/-/traverse-7.29.0.tgz 0ms (cache hit)
674 http cache @babel/types@https://registry.npmjs.org/@babel/types/-/types-7.29.0.tgz 0ms (cache hit)
675 http cache @babel/template@https://registry.npmjs.org/@babel/template/-/template-7.28.6.tgz 0ms (cache hit)
676 http cache @babel/parser@https://registry.npmjs.org/@babel/parser/-/parser-7.29.0.tgz 0ms (cache hit)
677 http cache @babel/helper-module-transforms@https://registry.npmjs.org/@babel/helper-module-transforms/-/helper-module-transforms-7.28.6.tgz 0ms (cache hit)
678 http cache @babel/generator@https://registry.npmjs.org/@babel/generator/-/generator-7.29.1.tgz 0ms (cache hit)
679 http cache @babel/helper-compilation-targets@https://registry.npmjs.org/@babel/helper-compilation-targets/-/helper-compilation-targets-7.28.6.tgz 0ms (cache hit)
680 http cache react-refresh@https://registry.npmjs.org/react-refresh/-/react-refresh-0.17.0.tgz 0ms (cache hit)
681 http cache @babel/code-frame@https://registry.npmjs.org/@babel/code-frame/-/code-frame-7.29.0.tgz 0ms (cache hit)
682 http cache @types/babel__core@https://registry.npmjs.org/@types/babel__core/-/babel__core-7.20.5.tgz 0ms (cache hit)
683 http cache @rolldown/pluginutils@https://registry.npmjs.org/@rolldown/pluginutils/-/pluginutils-1.0.0-beta.27.tgz 0ms (cache hit)
684 http cache @babel/plugin-transform-react-jsx-source@https://registry.npmjs.org/@babel/plugin-transform-react-jsx-source/-/plugin-transform-react-jsx-source-7.27.1.tgz 0ms (cache hit)
685 http cache @babel/plugin-transform-react-jsx-self@https://registry.npmjs.org/@babel/plugin-transform-react-jsx-self/-/plugin-transform-react-jsx-self-7.27.1.tgz 0ms (cache hit)
686 http cache @types/prop-types@https://registry.npmjs.org/@types/prop-types/-/prop-types-15.7.15.tgz 0ms (cache hit)
687 http cache @babel/core@https://registry.npmjs.org/@babel/core/-/core-7.29.0.tgz 0ms (cache hit)
688 http cache vite@https://registry.npmjs.org/vite/-/vite-5.4.21.tgz 0ms (cache hit)
689 http cache csstype@https://registry.npmjs.org/csstype/-/csstype-3.2.3.tgz 0ms (cache hit)
690 http cache react-dom@https://registry.npmjs.org/react-dom/-/react-dom-18.3.1.tgz 0ms (cache hit)
691 http cache react@https://registry.npmjs.org/react/-/react-18.3.1.tgz 0ms (cache hit)
692 http cache typescript@https://registry.npmjs.org/typescript/-/typescript-5.9.3.tgz 0ms (cache hit)
693 http cache @vitejs/plugin-react@https://registry.npmjs.org/@vitejs/plugin-react/-/plugin-react-4.7.0.tgz 0ms (cache hit)
694 http cache @types/react-dom@https://registry.npmjs.org/@types/react-dom/-/react-dom-18.3.7.tgz 0ms (cache hit)
695 http cache @types/react@https://registry.npmjs.org/@types/react/-/react-18.3.28.tgz 0ms (cache hit)
696 http cache @babel/helpers@https://registry.npmjs.org/@babel/helpers/-/helpers-7.28.6.tgz 0ms (cache hit)
697 silly tarball no local data for source-map-js@https://registry.npmjs.org/source-map-js/-/source-map-js-1.2.1.tgz. Extracting by manifest.
698 silly tarball no local data for @types/estree@https://registry.npmjs.org/@types/estree/-/estree-1.0.8.tgz. Extracting by manifest.
699 silly tarball no local data for @rollup/rollup-darwin-x64@https://registry.npmjs.org/@rollup/rollup-darwin-x64/-/rollup-darwin-x64-4.59.0.tgz. Extracting by manifest.
700 silly tarball no local data for @esbuild/darwin-x64@https://registry.npmjs.org/@esbuild/darwin-x64/-/darwin-x64-0.21.5.tgz. Extracting by manifest.
701 silly tarball no local data for rollup@https://registry.npmjs.org/rollup/-/rollup-4.59.0.tgz. Extracting by manifest.
702 silly tarball no local data for nanoid@https://registry.npmjs.org/nanoid/-/nanoid-3.3.11.tgz. Extracting by manifest.
703 silly tarball no local data for esbuild@https://registry.npmjs.org/esbuild/-/esbuild-0.21.5.tgz. Extracting by manifest.
704 silly tarball no local data for fsevents@https://registry.npmjs.org/fsevents/-/fsevents-2.3.3.tgz. Extracting by manifest.
705 silly tarball no local data for postcss@https://registry.npmjs.org/postcss/-/postcss-8.5.8.tgz. Extracting by manifest.
706 silly tarball no local data for scheduler@https://registry.npmjs.org/scheduler/-/scheduler-0.23.2.tgz. Extracting by manifest.
707 silly tarball no local data for loose-envify@https://registry.npmjs.org/loose-envify/-/loose-envify-1.4.0.tgz. Extracting by manifest.
708 silly tarball no local data for yallist@https://registry.npmjs.org/yallist/-/yallist-3.1.1.tgz. Extracting by manifest.
709 silly tarball no local data for ms@https://registry.npmjs.org/ms/-/ms-2.1.3.tgz. Extracting by manifest.
710 silly tarball no local data for escalade@https://registry.npmjs.org/escalade/-/escalade-3.2.0.tgz. Extracting by manifest.
711 silly tarball no local data for update-browserslist-db@https://registry.npmjs.org/update-browserslist-db/-/update-browserslist-db-1.2.3.tgz. Extracting by manifest.
712 silly tarball no local data for node-releases@https://registry.npmjs.org/node-releases/-/node-releases-2.0.36.tgz. Extracting by manifest.
713 silly tarball no local data for electron-to-chromium@https://registry.npmjs.org/electron-to-chromium/-/electron-to-chromium-1.5.313.tgz. Extracting by manifest.
714 silly tarball no local data for caniuse-lite@https://registry.npmjs.org/caniuse-lite/-/caniuse-lite-1.0.30001779.tgz. Extracting by manifest.
715 silly tarball no local data for baseline-browser-mapping@https://registry.npmjs.org/baseline-browser-mapping/-/baseline-browser-mapping-2.10.8.tgz. Extracting by manifest.
716 silly tarball no local data for @types/babel__template@https://registry.npmjs.org/@types/babel__template/-/babel__template-7.4.4.tgz. Extracting by manifest.
717 silly tarball no local data for @types/babel__traverse@https://registry.npmjs.org/@types/babel__traverse/-/babel__traverse-7.28.0.tgz. Extracting by manifest.
718 silly tarball no local data for @types/babel__generator@https://registry.npmjs.org/@types/babel__generator/-/babel__generator-7.27.0.tgz. Extracting by manifest.
719 silly tarball no local data for @jridgewell/sourcemap-codec@https://registry.npmjs.org/@jridgewell/sourcemap-codec/-/sourcemap-codec-1.5.5.tgz. Extracting by manifest.
720 silly tarball no local data for @jridgewell/resolve-uri@https://registry.npmjs.org/@jridgewell/resolve-uri/-/resolve-uri-3.1.2.tgz. Extracting by manifest.
721 silly tarball no local data for @babel/helper-string-parser@https://registry.npmjs.org/@babel/helper-string-parser/-/helper-string-parser-7.27.1.tgz. Extracting by manifest.
722 silly tarball no local data for lru-cache@https://registry.npmjs.org/lru-cache/-/lru-cache-5.1.1.tgz. Extracting by manifest.
723 silly tarball no local data for @babel/helper-globals@https://registry.npmjs.org/@babel/helper-globals/-/helper-globals-7.28.0.tgz. Extracting by manifest.
724 silly tarball no local data for @babel/helper-plugin-utils@https://registry.npmjs.org/@babel/helper-plugin-utils/-/helper-plugin-utils-7.28.6.tgz. Extracting by manifest.
725 silly tarball no local data for @babel/helper-module-imports@https://registry.npmjs.org/@babel/helper-module-imports/-/helper-module-imports-7.28.6.tgz. Extracting by manifest.
726 silly tarball no local data for @babel/compat-data@https://registry.npmjs.org/@babel/compat-data/-/compat-data-7.29.0.tgz. Extracting by manifest.
727 silly tarball no local data for browserslist@https://registry.npmjs.org/browserslist/-/browserslist-4.28.1.tgz. Extracting by manifest.
728 silly tarball no local data for jsesc@https://registry.npmjs.org/jsesc/-/jsesc-3.1.0.tgz. Extracting by manifest.
729 silly tarball no local data for @babel/helper-validator-option@https://registry.npmjs.org/@babel/helper-validator-option/-/helper-validator-option-7.27.1.tgz. Extracting by manifest.
730 silly tarball no local data for @jridgewell/trace-mapping@https://registry.npmjs.org/@jridgewell/trace-mapping/-/trace-mapping-0.3.31.tgz. Extracting by manifest.
731 silly tarball no local data for picocolors@https://registry.npmjs.org/picocolors/-/picocolors-1.1.1.tgz. Extracting by manifest.
732 silly tarball no local data for @jridgewell/gen-mapping@https://registry.npmjs.org/@jridgewell/gen-mapping/-/gen-mapping-0.3.13.tgz. Extracting by manifest.
733 silly tarball no local data for js-tokens@https://registry.npmjs.org/js-tokens/-/js-tokens-4.0.0.tgz. Extracting by manifest.
734 silly tarball no local data for @babel/helper-validator-identifier@https://registry.npmjs.org/@babel/helper-validator-identifier/-/helper-validator-identifier-7.28.5.tgz. Extracting by manifest.
735 silly tarball no local data for semver@https://registry.npmjs.org/semver/-/semver-6.3.1.tgz. Extracting by manifest.
736 silly tarball no local data for json5@https://registry.npmjs.org/json5/-/json5-2.2.3.tgz. Extracting by manifest.
737 silly tarball no local data for gensync@https://registry.npmjs.org/gensync/-/gensync-1.0.0-beta.2.tgz. Extracting by manifest.
738 silly tarball no local data for debug@https://registry.npmjs.org/debug/-/debug-4.4.3.tgz. Extracting by manifest.
739 silly tarball no local data for convert-source-map@https://registry.npmjs.org/convert-source-map/-/convert-source-map-2.0.0.tgz. Extracting by manifest.
740 silly tarball no local data for @jridgewell/remapping@https://registry.npmjs.org/@jridgewell/remapping/-/remapping-2.3.5.tgz. Extracting by manifest.
741 silly tarball no local data for @babel/traverse@https://registry.npmjs.org/@babel/traverse/-/traverse-7.29.0.tgz. Extracting by manifest.
742 silly tarball no local data for @babel/types@https://registry.npmjs.org/@babel/types/-/types-7.29.0.tgz. Extracting by manifest.
743 silly tarball no local data for @babel/template@https://registry.npmjs.org/@babel/template/-/template-7.28.6.tgz. Extracting by manifest.
744 silly tarball no local data for @babel/parser@https://registry.npmjs.org/@babel/parser/-/parser-7.29.0.tgz. Extracting by manifest.
745 silly tarball no local data for @babel/helper-module-transforms@https://registry.npmjs.org/@babel/helper-module-transforms/-/helper-module-transforms-7.28.6.tgz. Extracting by manifest.
746 silly tarball no local data for @babel/generator@https://registry.npmjs.org/@babel/generator/-/generator-7.29.1.tgz. Extracting by manifest.
747 silly tarball no local data for @babel/helper-compilation-targets@https://registry.npmjs.org/@babel/helper-compilation-targets/-/helper-compilation-targets-7.28.6.tgz. Extracting by manifest.
748 silly tarball no local data for react-refresh@https://registry.npmjs.org/react-refresh/-/react-refresh-0.17.0.tgz. Extracting by manifest.
749 silly tarball no local data for @babel/code-frame@https://registry.npmjs.org/@babel/code-frame/-/code-frame-7.29.0.tgz. Extracting by manifest.
750 silly tarball no local data for @types/babel__core@https://registry.npmjs.org/@types/babel__core/-/babel__core-7.20.5.tgz. Extracting by manifest.
751 silly tarball no local data for @rolldown/pluginutils@https://registry.npmjs.org/@rolldown/pluginutils/-/pluginutils-1.0.0-beta.27.tgz. Extracting by manifest.
752 silly tarball no local data for @babel/plugin-transform-react-jsx-source@https://registry.npmjs.org/@babel/plugin-transform-react-jsx-source/-/plugin-transform-react-jsx-source-7.27.1.tgz. Extracting by manifest.
753 silly tarball no local data for @babel/plugin-transform-react-jsx-self@https://registry.npmjs.org/@babel/plugin-transform-react-jsx-self/-/plugin-transform-react-jsx-self-7.27.1.tgz. Extracting by manifest.
754 silly tarball no local data for @types/prop-types@https://registry.npmjs.org/@types/prop-types/-/prop-types-15.7.15.tgz. Extracting by manifest.
755 silly tarball no local data for @babel/core@https://registry.npmjs.org/@babel/core/-/core-7.29.0.tgz. Extracting by manifest.
756 silly tarball no local data for vite@https://registry.npmjs.org/vite/-/vite-5.4.21.tgz. Extracting by manifest.
757 silly tarball no local data for csstype@https://registry.npmjs.org/csstype/-/csstype-3.2.3.tgz. Extracting by manifest.
758 silly tarball no local data for react-dom@https://registry.npmjs.org/react-dom/-/react-dom-18.3.1.tgz. Extracting by manifest.
759 silly tarball no local data for react@https://registry.npmjs.org/react/-/react-18.3.1.tgz. Extracting by manifest.
760 silly tarball no local data for typescript@https://registry.npmjs.org/typescript/-/typescript-5.9.3.tgz. Extracting by manifest.
761 silly tarball no local data for @vitejs/plugin-react@https://registry.npmjs.org/@vitejs/plugin-react/-/plugin-react-4.7.0.tgz. Extracting by manifest.
762 silly tarball no local data for @types/react-dom@https://registry.npmjs.org/@types/react-dom/-/react-dom-18.3.7.tgz. Extracting by manifest.
763 silly tarball no local data for @types/react@https://registry.npmjs.org/@types/react/-/react-18.3.28.tgz. Extracting by manifest.
764 silly tarball no local data for @babel/helpers@https://registry.npmjs.org/@babel/helpers/-/helpers-7.28.6.tgz. Extracting by manifest.
765 http fetch GET 200 https://registry.npmjs.org/loose-envify/-/loose-envify-1.4.0.tgz 340ms (cache miss)
766 http fetch GET 200 https://registry.npmjs.org/fsevents/-/fsevents-2.3.3.tgz 343ms (cache miss)
767 http fetch GET 200 https://registry.npmjs.org/nanoid/-/nanoid-3.3.11.tgz 346ms (cache miss)
768 http fetch GET 200 https://registry.npmjs.org/@types/estree/-/estree-1.0.8.tgz 354ms (cache miss)
769 http fetch GET 200 https://registry.npmjs.org/esbuild/-/esbuild-0.21.5.tgz 351ms (cache miss)
770 http fetch GET 200 https://registry.npmjs.org/scheduler/-/scheduler-0.23.2.tgz 398ms (cache miss)
771 http fetch GET 200 https://registry.npmjs.org/source-map-js/-/source-map-js-1.2.1.tgz 433ms (cache miss)
772 http fetch GET 200 https://registry.npmjs.org/@rollup/rollup-darwin-x64/-/rollup-darwin-x64-4.59.0.tgz 512ms (cache miss)
773 http fetch GET 200 https://registry.npmjs.org/node-releases/-/node-releases-2.0.36.tgz 540ms (cache miss)
774 http fetch GET 200 https://registry.npmjs.org/postcss/-/postcss-8.5.8.tgz 551ms (cache miss)
775 http fetch GET 200 https://registry.npmjs.org/@types/babel__traverse/-/babel__traverse-7.28.0.tgz 578ms (cache miss)
776 http fetch GET 200 https://registry.npmjs.org/@types/babel__template/-/babel__template-7.4.4.tgz 583ms (cache miss)
777 http fetch GET 200 https://registry.npmjs.org/@types/babel__generator/-/babel__generator-7.27.0.tgz 585ms (cache miss)
778 http fetch GET 200 https://registry.npmjs.org/electron-to-chromium/-/electron-to-chromium-1.5.313.tgz 594ms (cache miss)
779 http fetch GET 200 https://registry.npmjs.org/baseline-browser-mapping/-/baseline-browser-mapping-2.10.8.tgz 598ms (cache miss)
780 http fetch GET 200 https://registry.npmjs.org/@jridgewell/resolve-uri/-/resolve-uri-3.1.2.tgz 619ms (cache miss)
781 http fetch GET 200 https://registry.npmjs.org/@jridgewell/sourcemap-codec/-/sourcemap-codec-1.5.5.tgz 622ms (cache miss)
782 http fetch GET 200 https://registry.npmjs.org/@babel/helper-string-parser/-/helper-string-parser-7.27.1.tgz 620ms (cache miss)
783 http fetch GET 200 https://registry.npmjs.org/rollup/-/rollup-4.59.0.tgz 651ms (cache miss)
784 http fetch GET 200 https://registry.npmjs.org/lru-cache/-/lru-cache-5.1.1.tgz 751ms (cache miss)
785 http fetch GET 200 https://registry.npmjs.org/@babel/helper-globals/-/helper-globals-7.28.0.tgz 769ms (cache miss)
786 http fetch GET 200 https://registry.npmjs.org/@babel/helper-validator-option/-/helper-validator-option-7.27.1.tgz 787ms (cache miss)
787 http fetch GET 200 https://registry.npmjs.org/jsesc/-/jsesc-3.1.0.tgz 810ms (cache miss)
788 http fetch GET 200 https://registry.npmjs.org/browserslist/-/browserslist-4.28.1.tgz 815ms (cache miss)
789 http fetch GET 200 https://registry.npmjs.org/@babel/helper-module-imports/-/helper-module-imports-7.28.6.tgz 819ms (cache miss)
790 http fetch GET 200 https://registry.npmjs.org/@babel/compat-data/-/compat-data-7.29.0.tgz 819ms (cache miss)
791 http fetch GET 200 https://registry.npmjs.org/@babel/helper-plugin-utils/-/helper-plugin-utils-7.28.6.tgz 821ms (cache miss)
792 http fetch GET 200 https://registry.npmjs.org/picocolors/-/picocolors-1.1.1.tgz 824ms (cache miss)
793 http fetch GET 200 https://registry.npmjs.org/@esbuild/darwin-x64/-/darwin-x64-0.21.5.tgz 891ms (cache miss)
794 http fetch GET 200 https://registry.npmjs.org/@jridgewell/trace-mapping/-/trace-mapping-0.3.31.tgz 883ms (cache miss)
795 http fetch GET 200 https://registry.npmjs.org/escalade/-/escalade-3.2.0.tgz 985ms (cache miss)
796 http fetch GET 200 https://registry.npmjs.org/update-browserslist-db/-/update-browserslist-db-1.2.3.tgz 987ms (cache miss)
797 http fetch GET 200 https://registry.npmjs.org/js-tokens/-/js-tokens-4.0.0.tgz 984ms (cache miss)
798 http fetch GET 200 https://registry.npmjs.org/ms/-/ms-2.1.3.tgz 1013ms (cache miss)
799 http fetch GET 200 https://registry.npmjs.org/yallist/-/yallist-3.1.1.tgz 1016ms (cache miss)
800 http fetch GET 200 https://registry.npmjs.org/@jridgewell/gen-mapping/-/gen-mapping-0.3.13.tgz 997ms (cache miss)
801 http fetch GET 200 https://registry.npmjs.org/gensync/-/gensync-1.0.0-beta.2.tgz 1027ms (cache miss)
802 http fetch GET 200 https://registry.npmjs.org/@babel/helper-validator-identifier/-/helper-validator-identifier-7.28.5.tgz 1029ms (cache miss)
803 http fetch GET 200 https://registry.npmjs.org/semver/-/semver-6.3.1.tgz 1030ms (cache miss)
804 http fetch GET 200 https://registry.npmjs.org/debug/-/debug-4.4.3.tgz 1029ms (cache miss)
805 http fetch GET 200 https://registry.npmjs.org/json5/-/json5-2.2.3.tgz 1038ms (cache miss)
806 http fetch GET 200 https://registry.npmjs.org/convert-source-map/-/convert-source-map-2.0.0.tgz 1047ms (cache miss)
807 http fetch GET 200 https://registry.npmjs.org/@jridgewell/remapping/-/remapping-2.3.5.tgz 1059ms (cache miss)
808 http fetch GET 200 https://registry.npmjs.org/@babel/traverse/-/traverse-7.29.0.tgz 1161ms (cache miss)
809 http fetch GET 200 https://registry.npmjs.org/react-refresh/-/react-refresh-0.17.0.tgz 1238ms (cache miss)
810 http fetch GET 200 https://registry.npmjs.org/@babel/helper-module-transforms/-/helper-module-transforms-7.28.6.tgz 1244ms (cache miss)
811 http fetch GET 200 https://registry.npmjs.org/@babel/template/-/template-7.28.6.tgz 1249ms (cache miss)
812 http fetch GET 200 https://registry.npmjs.org/@types/babel__core/-/babel__core-7.20.5.tgz 1253ms (cache miss)
813 http fetch GET 200 https://registry.npmjs.org/@babel/code-frame/-/code-frame-7.29.0.tgz 1256ms (cache miss)
814 http fetch GET 200 https://registry.npmjs.org/@rolldown/pluginutils/-/pluginutils-1.0.0-beta.27.tgz 1261ms (cache miss)
815 http fetch GET 200 https://registry.npmjs.org/@babel/plugin-transform-react-jsx-source/-/plugin-transform-react-jsx-source-7.27.1.tgz 1264ms (cache miss)
816 http fetch GET 200 https://registry.npmjs.org/@babel/plugin-transform-react-jsx-self/-/plugin-transform-react-jsx-self-7.27.1.tgz 1264ms (cache miss)
817 http fetch GET 200 https://registry.npmjs.org/@babel/helper-compilation-targets/-/helper-compilation-targets-7.28.6.tgz 1279ms (cache miss)
818 http fetch GET 200 https://registry.npmjs.org/@types/prop-types/-/prop-types-15.7.15.tgz 1286ms (cache miss)
819 http fetch GET 200 https://registry.npmjs.org/@babel/parser/-/parser-7.29.0.tgz 1324ms (cache miss)
820 http fetch GET 200 https://registry.npmjs.org/@babel/generator/-/generator-7.29.1.tgz 1337ms (cache miss)
821 http fetch GET 200 https://registry.npmjs.org/csstype/-/csstype-3.2.3.tgz 1408ms (cache miss)
822 http fetch GET 200 https://registry.npmjs.org/react/-/react-18.3.1.tgz 1491ms (cache miss)
823 http fetch GET 200 https://registry.npmjs.org/@types/react-dom/-/react-dom-18.3.7.tgz 1496ms (cache miss)
824 http fetch GET 200 https://registry.npmjs.org/@vitejs/plugin-react/-/plugin-react-4.7.0.tgz 1507ms (cache miss)
825 http fetch GET 200 https://registry.npmjs.org/vite/-/vite-5.4.21.tgz 1550ms (cache miss)
826 http fetch GET 200 https://registry.npmjs.org/@babel/types/-/types-7.29.0.tgz 1574ms (cache miss)
827 http fetch GET 200 https://registry.npmjs.org/@types/react/-/react-18.3.28.tgz 1611ms (cache miss)
828 http fetch GET 200 https://registry.npmjs.org/@babel/core/-/core-7.29.0.tgz 1673ms (cache miss)
829 http fetch GET 200 https://registry.npmjs.org/react-dom/-/react-dom-18.3.1.tgz 1698ms (cache miss)
830 http fetch GET 200 https://registry.npmjs.org/caniuse-lite/-/caniuse-lite-1.0.30001779.tgz 1803ms (cache miss)
831 http fetch GET 200 https://registry.npmjs.org/@babel/helpers/-/helpers-7.28.6.tgz 1870ms (cache miss)
832 http fetch GET 200 https://registry.npmjs.org/typescript/-/typescript-5.9.3.tgz 2078ms (cache miss)
833 info run fsevents@2.3.3 install node_modules/fsevents node-gyp rebuild
834 info run fsevents@2.3.3 install { code: 1, signal: null }
835 verbose reify failed optional dependency /Users/zhangxiaomei/zhangxiaomei_test/frontend/node_modules/fsevents
836 silly reify mark deleted [
836 silly reify   '/Users/zhangxiaomei/zhangxiaomei_test/frontend/node_modules/fsevents'
836 silly reify ]
837 info run esbuild@0.21.5 postinstall node_modules/esbuild node install.js
838 info run esbuild@0.21.5 postinstall { code: 0, signal: null }
839 silly ADD node_modules/@types/estree
840 silly ADD node_modules/@rollup/rollup-darwin-x64
841 silly ADD node_modules/source-map-js
842 silly ADD node_modules/nanoid
843 silly ADD node_modules/@esbuild/darwin-x64
844 silly ADD node_modules/rollup
845 silly ADD node_modules/postcss
846 silly ADD
847 silly ADD node_modules/esbuild
848 silly ADD node_modules/escalade
849 silly ADD node_modules/scheduler
850 silly ADD node_modules/loose-envify
851 silly ADD node_modules/yallist
852 silly ADD node_modules/ms
853 silly ADD node_modules/update-browserslist-db
854 silly ADD node_modules/node-releases
855 silly ADD node_modules/electron-to-chromium
856 silly ADD node_modules/caniuse-lite
857 silly ADD node_modules/baseline-browser-mapping
858 silly ADD node_modules/@types/babel__traverse
859 silly ADD node_modules/@types/babel__template
860 silly ADD node_modules/@types/babel__generator
861 silly ADD node_modules/@jridgewell/resolve-uri
862 silly ADD node_modules/@jridgewell/sourcemap-codec
863 silly ADD node_modules/@babel/helper-string-parser
864 silly ADD node_modules/@babel/helper-globals
865 silly ADD node_modules/@babel/helper-plugin-utils
866 silly ADD node_modules/@babel/helper-module-imports
867 silly ADD node_modules/lru-cache
868 silly ADD node_modules/browserslist
869 silly ADD node_modules/@babel/helper-validator-option
870 silly ADD node_modules/@babel/compat-data
871 silly ADD node_modules/jsesc
872 silly ADD node_modules/@jridgewell/trace-mapping
873 silly ADD node_modules/@jridgewell/gen-mapping
874 silly ADD node_modules/picocolors
875 silly ADD node_modules/js-tokens
876 silly ADD node_modules/@babel/helper-validator-identifier
877 silly ADD node_modules/semver
878 silly ADD node_modules/json5
879 silly ADD node_modules/gensync
880 silly ADD node_modules/debug
881 silly ADD node_modules/convert-source-map
882 silly ADD node_modules/@jridgewell/remapping
883 silly ADD node_modules/@babel/types
884 silly ADD node_modules/@babel/traverse
885 silly ADD node_modules/@babel/template
886 silly ADD node_modules/@babel/parser
887 silly ADD node_modules/@babel/helpers
888 silly ADD node_modules/@babel/helper-module-transforms
889 silly ADD node_modules/@babel/helper-compilation-targets
890 silly ADD node_modules/@babel/generator
891 silly ADD node_modules/@babel/code-frame
892 silly ADD node_modules/react-refresh
893 silly ADD node_modules/@types/babel__core
894 silly ADD node_modules/@rolldown/pluginutils
895 silly ADD node_modules/@babel/plugin-transform-react-jsx-source
896 silly ADD node_modules/@babel/plugin-transform-react-jsx-self
897 silly ADD node_modules/@babel/core
898 silly ADD node_modules/csstype
899 silly ADD node_modules/@types/prop-types
900 silly ADD node_modules/vite
901 silly ADD node_modules/typescript
902 silly ADD node_modules/react-dom
903 silly ADD node_modules/react
904 silly ADD node_modules/@vitejs/plugin-react
905 silly ADD node_modules/@types/react-dom
906 silly ADD node_modules/@types/react
907 verbose cwd /Users/zhangxiaomei/zhangxiaomei_test/frontend
908 verbose os Darwin 21.6.0
909 verbose node v24.14.0
910 verbose npm  v11.9.0
911 verbose exit 0
912 info ok
